D:\PROJECTS\SCHEDULER\DEBUG\SCHEDULER.PCH
D:\PROJECTS\SCHEDULER\DEBUG\STDAFX.OBJ
D:\PROJECTS\SCHEDULER\DEBUG\VC110.PDB
D:\PROJECTS\SCHEDULER\DEBUG\ARGPARSER.OBJ
D:\PROJECTS\SCHEDULER\DEBUG\SCHEDULER.OBJ
D:\PROJECTS\SCHEDULER\DEBUG\TASKMASTER.OBJ
D:\PROJECTS\SCHEDULER\DEBUG\SCHEDULER.ILK
D:\PROJECTS\SCHEDULER\DEBUG\SCHEDULER.EXE
D:\PROJECTS\SCHEDULER\DEBUG\SCHEDULER.PDB
d:\Projects\Scheduler\Debug\ArgParser.obj
d:\Projects\Scheduler\Debug\Scheduler.obj
d:\Projects\Scheduler\Debug\stdafx.obj
d:\Projects\Scheduler\Debug\TaskMaster.obj
d:\Projects\Scheduler\Debug\Scheduler.ilk
d:\Projects\Scheduler\Debug\cl.command.1.tlog
d:\Projects\Scheduler\Debug\CL.read.1.tlog
d:\Projects\Scheduler\Debug\CL.write.1.tlog
d:\Projects\Scheduler\Debug\link-cvtres.read.1.tlog
d:\Projects\Scheduler\Debug\link-cvtres.write.1.tlog
d:\Projects\Scheduler\Debug\link-rc.read.1.tlog
d:\Projects\Scheduler\Debug\link-rc.write.1.tlog
d:\Projects\Scheduler\Debug\link.command.1.tlog
d:\Projects\Scheduler\Debug\link.read.1.tlog
d:\Projects\Scheduler\Debug\link.write.1.tlog
d:\Projects\Scheduler\Debug\Scheduler.pch
d:\Projects\Scheduler\Debug\vc110.idb
d:\Projects\Scheduler\Debug\Scheduler.pdb
d:\Projects\Scheduler\Debug\vc110.pdb
d:\Projects\Scheduler\Debug\Scheduler.exe
